<?xml version="1.0" encoding="UTF-8"?>
<!-- Generated by org.testng.reporters.JUnitReportReporter -->
<testsuite hostname="DESKTOP-SHSVJLC" name="com.reachcp317.Reach.ReachApplicationTests" tests="1" failures="0" timestamp="13 Dec 2018 05:45:58 GMT" time="0.565" errors="0">
  <testcase name="contextLoads" time="0.565" classname="com.reachcp317.Reach.ReachApplicationTests"/>
</testsuite> <!-- com.reachcp317.Reach.ReachApplicationTests -->
